                        .module board.c
                        .area text(rom, con, rel)
 0000                   .dbfile ..\..\..\..\..\..\..\ODMPRO~1\E06-RFTB\E06-AVR\DEMO_AVR\nRF24L01P\Source\board.c
 0000                   .dbfile F:\产品\ODMPRO~1\E06-RFTB\E06-AVR\DEMO_AVR\nRF24L01P\Source\board.c
 0000                   .dbfunc e SPI_ExchangeByte _SPI_ExchangeByte fc
 0000           ;          input -> R16
                        .even
 0000           _SPI_ExchangeByte::
 0000                   .dbline -1
 0000                   .dbline 20
 0000           ; /*
 0000           ; ================================================================================
 0000           ; Function : Operation for SI446x
 0000           ; 网址：http://shop57165217.taobao.com
 0000           ; 作者：李勇  原  亿和电子工作室  现 亿佰特电子科技有限公司
 0000           ; TEL：18615799380, e-mail: yihe_liyong@126.com
 0000           ; ================================================================================
 0000           ; */
 0000           ; #include "board.h"
 0000           ; 
 0000           ; /*
 0000           ; =================================================================================
 0000           ; SPI_ExchangeByte( );
 0000           ; Function : Exchange a byte via the SPI bus
 0000           ; INTPUT   : input, The input byte
 0000           ; OUTPUT   : The output byte from SPI bus
 0000           ; =================================================================================
 0000           ; */
 0000           ; INT8U SPI_ExchangeByte( INT8U input )
 0000           ; {
 0000                   .dbline 21
 0000           ;     SPDR = input;
 0000 0FB9              out 0xf,R16
 0002           L3:
 0002                   .dbline 22
 0002           ;       while ( !(SPSR & (1<<SPIF)) );
 0002           L4:
 0002                   .dbline 22
 0002 779B              sbis 0xe,7
 0004 FECF              rjmp L3
 0006           X0:
 0006                   .dbline 23
 0006           ;       return SPDR;
 0006 0FB1              in R16,0xf
 0008                   .dbline -2
 0008           L2:
 0008                   .dbline 0 ; func end
 0008 0895              ret
 000A                   .dbsym r input 16 c
 000A                   .dbend
 000A                   .dbfunc e SPI_Initial _SPI_Initial fV
                        .even
 000A           _SPI_Initial::
 000A                   .dbline -1
 000A                   .dbline 34
 000A           ; }
 000A           ; /*
 000A           ; =================================================================================
 000A           ; SPI_Initial( );
 000A           ; Function : Initialize the SPI bus
 000A           ; INTPUT   : None
 000A           ; OUTPUT   : None
 000A           ; =================================================================================
 000A           ; */
 000A           ; void SPI_Initial( void )
 000A           ; {
 000A                   .dbline 36
 000A           ;     /*IO config*/
 000A           ;     PORTB |= ( 1<<3 ) | ( 1<<5 ) | ( 1<<2 );
 000A 88B3              in R24,0x18
 000C 8C62              ori R24,44
 000E 88BB              out 0x18,R24
 0010                   .dbline 37
 0010           ;     DDRB |= ( 1<<3 ) | ( 1<<5 ) | ( 1<<2 ) | ( 1<<4 );
 0010 87B3              in R24,0x17
 0012 8C63              ori R24,60
 0014 87BB              out 0x17,R24
 0016                   .dbline 38
 0016           ;     DDRB &= ~( 1<<4 );
 0016 BC98              cbi 0x17,4
 0018                   .dbline 39
 0018           ;     SPCR = (1<<SPE) | (1<<MSTR);
 0018 80E5              ldi R24,80
 001A 8DB9              out 0xd,R24
 001C                   .dbline -2
 001C           L6:
 001C                   .dbline 0 ; func end
 001C 0895              ret
 001E                   .dbend
 001E                   .dbfunc e GPIO_Initial _GPIO_Initial fV
                        .even
 001E           _GPIO_Initial::
 001E                   .dbline -1
 001E                   .dbline 50
 001E           ; }
 001E           ; /*
 001E           ; =================================================================================
 001E           ; GPIO_Initial( );
 001E           ; Function : Initialize the other GPIOs of the board
 001E           ; INTPUT   : None
 001E           ; OUTPUT   : None
 001E           ; =================================================================================
 001E           ; */
 001E           ; void GPIO_Initial( void )
 001E           ; {
 001E                   .dbline 51
 001E           ;     PORTB &= ~( 1<<0 );
 001E C098              cbi 0x18,0
 0020                   .dbline 52
 0020           ;     DDRB  |= ( 1<<0 );
 0020 B89A              sbi 0x17,0
 0022                   .dbline -2
 0022           L7:
 0022                   .dbline 0 ; func end
 0022 0895              ret
 0024                   .dbend
 0024           ; }
 0024           ; /*
 0024           ; =================================================================================
 0024           ; ------------------------------------End of FILE----------------------------------
 0024           ; =================================================================================
 0024           ; */
