                        .module OLED.c
                        .area text(rom, con, rel)
 0000                   .dbfile ..\..\..\..\..\..\..\ODMPRO~1\E06-RFTB\E06-AVR\DEMO_AVR\nRF24L01P\Source\OLED.c
                        .area lit(rom, con, rel)
 0000           _Font8x16::
 0000 0000              .byte 0,0
 0002 0000              .byte 0,0
 0004 0000              .byte 0,0
 0006 0000              .byte 0,0
 0008 0000              .byte 0,0
 000A 0000              .byte 0,0
 000C 0000              .byte 0,0
 000E 0000              .byte 0,0
 0010 0000              .byte 0,0
 0012 00F8              .byte 0,248
 0014 0000              .byte 0,0
 0016 0000              .byte 0,0
 0018 0000              .byte 0,0
 001A 0033              .byte 0,51
 001C 3000              .byte 48,0
 001E 0000              .byte 0,0
 0020 0010              .byte 0,16
 0022 0C06              .byte 12,6
 0024 100C              .byte 16,12
 0026 0600              .byte 6,0
 0028 0000              .byte 0,0
 002A 0000              .byte 0,0
 002C 0000              .byte 0,0
 002E 0000              .byte 0,0
 0030 40C0              .byte 64,192
 0032 7840              .byte 'x,64
 0034 C078              .byte 192,'x
 0036 4000              .byte 64,0
 0038 043F              .byte 4,63
 003A 0404              .byte 4,4
 003C 3F04              .byte 63,4
 003E 0400              .byte 4,0
 0040 0070              .byte 0,'p
 0042 88FC              .byte 136,252
 0044 0830              .byte 8,48
 0046 0000              .byte 0,0
 0048 0018              .byte 0,24
 004A 20FF              .byte 32,255
 004C 211E              .byte 33,30
 004E 0000              .byte 0,0
 0050 F008              .byte 240,8
 0052 F000              .byte 240,0
 0054 E018              .byte 224,24
 0056 0000              .byte 0,0
 0058 0021              .byte 0,33
 005A 1C03              .byte 28,3
 005C 1E21              .byte 30,33
 005E 1E00              .byte 30,0
 0060 00F0              .byte 0,240
 0062 0888              .byte 8,136
 0064 7000              .byte 'p,0
 0066 0000              .byte 0,0
 0068 1E21              .byte 30,33
 006A 2324              .byte 35,36
 006C 1927              .byte 25,39
 006E 2110              .byte 33,16
 0070 1016              .byte 16,22
 0072 0E00              .byte 14,0
 0074 0000              .byte 0,0
 0076 0000              .byte 0,0
 0078 0000              .byte 0,0
 007A 0000              .byte 0,0
 007C 0000              .byte 0,0
 007E 0000              .byte 0,0
 0080 0000              .byte 0,0
 0082 00E0              .byte 0,224
 0084 1804              .byte 24,4
 0086 0200              .byte 2,0
 0088 0000              .byte 0,0
 008A 0007              .byte 0,7
 008C 1820              .byte 24,32
 008E 4000              .byte 64,0
 0090 0002              .byte 0,2
 0092 0418              .byte 4,24
 0094 E000              .byte 224,0
 0096 0000              .byte 0,0
 0098 0040              .byte 0,64
 009A 2018              .byte 32,24
 009C 0700              .byte 7,0
 009E 0000              .byte 0,0
 00A0 4040              .byte 64,64
 00A2 80F0              .byte 128,240
 00A4 8040              .byte 128,64
 00A6 4000              .byte 64,0
 00A8 0202              .byte 2,2
 00AA 010F              .byte 1,15
 00AC 0102              .byte 1,2
 00AE 0200              .byte 2,0
 00B0 0000              .byte 0,0
 00B2 00F0              .byte 0,240
 00B4 0000              .byte 0,0
 00B6 0000              .byte 0,0
 00B8 0101              .byte 1,1
 00BA 011F              .byte 1,31
 00BC 0101              .byte 1,1
 00BE 0100              .byte 1,0
 00C0 0000              .byte 0,0
 00C2 0000              .byte 0,0
 00C4 0000              .byte 0,0
 00C6 0000              .byte 0,0
 00C8 80B0              .byte 128,176
 00CA 7000              .byte 'p,0
 00CC 0000              .byte 0,0
 00CE 0000              .byte 0,0
 00D0 0000              .byte 0,0
 00D2 0000              .byte 0,0
 00D4 0000              .byte 0,0
 00D6 0000              .byte 0,0
 00D8 0001              .byte 0,1
 00DA 0101              .byte 1,1
 00DC 0101              .byte 1,1
 00DE 0101              .byte 1,1
 00E0 0000              .byte 0,0
 00E2 0000              .byte 0,0
 00E4 0000              .byte 0,0
 00E6 0000              .byte 0,0
 00E8 0030              .byte 0,48
 00EA 3000              .byte 48,0
 00EC 0000              .byte 0,0
 00EE 0000              .byte 0,0
 00F0 0000              .byte 0,0
 00F2 0000              .byte 0,0
 00F4 8060              .byte 128,96
 00F6 1804              .byte 24,4
 00F8 0060              .byte 0,96
 00FA 1806              .byte 24,6
 00FC 0100              .byte 1,0
 00FE 0000              .byte 0,0
 0100 00E0              .byte 0,224
 0102 1008              .byte 16,8
 0104 0810              .byte 8,16
 0106 E000              .byte 224,0
 0108 000F              .byte 0,15
 010A 1020              .byte 16,32
 010C 2010              .byte 32,16
 010E 0F00              .byte 15,0
 0110 0010              .byte 0,16
 0112 10F8              .byte 16,248
 0114 0000              .byte 0,0
 0116 0000              .byte 0,0
 0118 0020              .byte 0,32
 011A 203F              .byte 32,63
 011C 2020              .byte 32,32
 011E 0000              .byte 0,0
 0120 0070              .byte 0,'p
 0122 0808              .byte 8,8
 0124 0888              .byte 8,136
 0126 7000              .byte 'p,0
 0128 0030              .byte 0,48
 012A 2824              .byte 40,36
 012C 2221              .byte 34,33
 012E 3000              .byte 48,0
 0130 0030              .byte 0,48
 0132 0888              .byte 8,136
 0134 8848              .byte 136,'H
 0136 3000              .byte 48,0
 0138 0018              .byte 0,24
 013A 2020              .byte 32,32
 013C 2011              .byte 32,17
 013E 0E00              .byte 14,0
 0140 0000              .byte 0,0
 0142 C020              .byte 192,32
 0144 10F8              .byte 16,248
 0146 0000              .byte 0,0
 0148 0007              .byte 0,7
 014A 0424              .byte 4,36
 014C 243F              .byte 36,63
 014E 2400              .byte 36,0
 0150 00F8              .byte 0,248
 0152 0888              .byte 8,136
 0154 8808              .byte 136,8
 0156 0800              .byte 8,0
 0158 0019              .byte 0,25
 015A 2120              .byte 33,32
 015C 2011              .byte 32,17
 015E 0E00              .byte 14,0
 0160 00E0              .byte 0,224
 0162 1088              .byte 16,136
 0164 8818              .byte 136,24
 0166 0000              .byte 0,0
 0168 000F              .byte 0,15
 016A 1120              .byte 17,32
 016C 2011              .byte 32,17
 016E 0E00              .byte 14,0
 0170 0038              .byte 0,56
 0172 0808              .byte 8,8
 0174 C838              .byte 200,56
 0176 0800              .byte 8,0
 0178 0000              .byte 0,0
 017A 003F              .byte 0,63
 017C 0000              .byte 0,0
 017E 0000              .byte 0,0
 0180 0070              .byte 0,'p
 0182 8808              .byte 136,8
 0184 0888              .byte 8,136
 0186 7000              .byte 'p,0
 0188 001C              .byte 0,28
 018A 2221              .byte 34,33
 018C 2122              .byte 33,34
 018E 1C00              .byte 28,0
 0190 00E0              .byte 0,224
 0192 1008              .byte 16,8
 0194 0810              .byte 8,16
 0196 E000              .byte 224,0
 0198 0000              .byte 0,0
 019A 3122              .byte 49,34
 019C 2211              .byte 34,17
 019E 0F00              .byte 15,0
 01A0 0000              .byte 0,0
 01A2 00C0              .byte 0,192
 01A4 C000              .byte 192,0
 01A6 0000              .byte 0,0
 01A8 0000              .byte 0,0
 01AA 0030              .byte 0,48
 01AC 3000              .byte 48,0
 01AE 0000              .byte 0,0
 01B0 0000              .byte 0,0
 01B2 0080              .byte 0,128
 01B4 0000              .byte 0,0
 01B6 0000              .byte 0,0
 01B8 0000              .byte 0,0
 01BA 8060              .byte 128,96
 01BC 0000              .byte 0,0
 01BE 0000              .byte 0,0
 01C0 0000              .byte 0,0
 01C2 8040              .byte 128,64
 01C4 2010              .byte 32,16
 01C6 0800              .byte 8,0
 01C8 0001              .byte 0,1
 01CA 0204              .byte 2,4
 01CC 0810              .byte 8,16
 01CE 2000              .byte 32,0
 01D0 4040              .byte 64,64
 01D2 4040              .byte 64,64
 01D4 4040              .byte 64,64
 01D6 4000              .byte 64,0
 01D8 0404              .byte 4,4
 01DA 0404              .byte 4,4
 01DC 0404              .byte 4,4
 01DE 0400              .byte 4,0
 01E0 0008              .byte 0,8
 01E2 1020              .byte 16,32
 01E4 4080              .byte 64,128
 01E6 0000              .byte 0,0
 01E8 0020              .byte 0,32
 01EA 1008              .byte 16,8
 01EC 0402              .byte 4,2
 01EE 0100              .byte 1,0
 01F0 0070              .byte 0,'p
 01F2 4808              .byte 'H,8
 01F4 0808              .byte 8,8
 01F6 F000              .byte 240,0
 01F8 0000              .byte 0,0
 01FA 0030              .byte 0,48
 01FC 3601              .byte 54,1
 01FE 0000              .byte 0,0
 0200 C030              .byte 192,48
 0202 C828              .byte 200,40
 0204 E810              .byte 232,16
 0206 E000              .byte 224,0
 0208 0718              .byte 7,24
 020A 2724              .byte 39,36
 020C 2314              .byte 35,20
 020E 0B00              .byte 11,0
 0210 0000              .byte 0,0
 0212 C038              .byte 192,56
 0214 E000              .byte 224,0
 0216 0000              .byte 0,0
 0218 203C              .byte 32,60
 021A 2302              .byte 35,2
 021C 0227              .byte 2,39
 021E 3820              .byte 56,32
 0220 08F8              .byte 8,248
 0222 8888              .byte 136,136
 0224 8870              .byte 136,'p
 0226 0000              .byte 0,0
 0228 203F              .byte 32,63
 022A 2020              .byte 32,32
 022C 2011              .byte 32,17
 022E 0E00              .byte 14,0
 0230 C030              .byte 192,48
 0232 0808              .byte 8,8
 0234 0808              .byte 8,8
 0236 3800              .byte 56,0
 0238 0718              .byte 7,24
 023A 2020              .byte 32,32
 023C 2010              .byte 32,16
 023E 0800              .byte 8,0
 0240 08F8              .byte 8,248
 0242 0808              .byte 8,8
 0244 0810              .byte 8,16
 0246 E000              .byte 224,0
 0248 203F              .byte 32,63
 024A 2020              .byte 32,32
 024C 2010              .byte 32,16
 024E 0F00              .byte 15,0
 0250 08F8              .byte 8,248
 0252 8888              .byte 136,136
 0254 E808              .byte 232,8
 0256 1000              .byte 16,0
 0258 203F              .byte 32,63
 025A 2020              .byte 32,32
 025C 2320              .byte 35,32
 025E 1800              .byte 24,0
 0260 08F8              .byte 8,248
 0262 8888              .byte 136,136
 0264 E808              .byte 232,8
 0266 1000              .byte 16,0
 0268 203F              .byte 32,63
 026A 2000              .byte 32,0
 026C 0300              .byte 3,0
 026E 0000              .byte 0,0
 0270 C030              .byte 192,48
 0272 0808              .byte 8,8
 0274 0838              .byte 8,56
 0276 0000              .byte 0,0
 0278 0718              .byte 7,24
 027A 2020              .byte 32,32
 027C 221E              .byte 34,30
 027E 0200              .byte 2,0
 0280 08F8              .byte 8,248
 0282 0800              .byte 8,0
 0284 0008              .byte 0,8
 0286 F808              .byte 248,8
 0288 203F              .byte 32,63
 028A 2101              .byte 33,1
 028C 0121              .byte 1,33
 028E 3F20              .byte 63,32
 0290 0008              .byte 0,8
 0292 08F8              .byte 8,248
 0294 0808              .byte 8,8
 0296 0000              .byte 0,0
 0298 0020              .byte 0,32
 029A 203F              .byte 32,63
 029C 2020              .byte 32,32
 029E 0000              .byte 0,0
 02A0 0000              .byte 0,0
 02A2 0808              .byte 8,8
 02A4 F808              .byte 248,8
 02A6 0800              .byte 8,0
 02A8 C080              .byte 192,128
 02AA 8080              .byte 128,128
 02AC 7F00              .byte 127,0
 02AE 0000              .byte 0,0
 02B0 08F8              .byte 8,248
 02B2 88C0              .byte 136,192
 02B4 2818              .byte 40,24
 02B6 0800              .byte 8,0
 02B8 203F              .byte 32,63
 02BA 2001              .byte 32,1
 02BC 2638              .byte 38,56
 02BE 2000              .byte 32,0
 02C0 08F8              .byte 8,248
 02C2 0800              .byte 8,0
 02C4 0000              .byte 0,0
 02C6 0000              .byte 0,0
 02C8 203F              .byte 32,63
 02CA 2020              .byte 32,32
 02CC 2020              .byte 32,32
 02CE 3000              .byte 48,0
 02D0 08F8              .byte 8,248
 02D2 F800              .byte 248,0
 02D4 F8F8              .byte 248,248
 02D6 0800              .byte 8,0
 02D8 203F              .byte 32,63
 02DA 003F              .byte 0,63
 02DC 003F              .byte 0,63
 02DE 2000              .byte 32,0
 02E0 08F8              .byte 8,248
 02E2 30C0              .byte 48,192
 02E4 0008              .byte 0,8
 02E6 F808              .byte 248,8
 02E8 203F              .byte 32,63
 02EA 2000              .byte 32,0
 02EC 0718              .byte 7,24
 02EE 3F00              .byte 63,0
 02F0 E010              .byte 224,16
 02F2 0808              .byte 8,8
 02F4 0810              .byte 8,16
 02F6 E000              .byte 224,0
 02F8 0F10              .byte 15,16
 02FA 2020              .byte 32,32
 02FC 2010              .byte 32,16
 02FE 0F00              .byte 15,0
 0300 08F8              .byte 8,248
 0302 0808              .byte 8,8
 0304 0808              .byte 8,8
 0306 F000              .byte 240,0
 0308 203F              .byte 32,63
 030A 2101              .byte 33,1
 030C 0101              .byte 1,1
 030E 0000              .byte 0,0
 0310 E010              .byte 224,16
 0312 0808              .byte 8,8
 0314 0810              .byte 8,16
 0316 E000              .byte 224,0
 0318 0F18              .byte 15,24
 031A 2424              .byte 36,36
 031C 3850              .byte 56,'P
 031E 4F00              .byte 'O,0
 0320 08F8              .byte 8,248
 0322 8888              .byte 136,136
 0324 8888              .byte 136,136
 0326 7000              .byte 'p,0
 0328 203F              .byte 32,63
 032A 2000              .byte 32,0
 032C 030C              .byte 3,12
 032E 3020              .byte 48,32
 0330 0070              .byte 0,'p
 0332 8808              .byte 136,8
 0334 0808              .byte 8,8
 0336 3800              .byte 56,0
 0338 0038              .byte 0,56
 033A 2021              .byte 32,33
 033C 2122              .byte 33,34
 033E 1C00              .byte 28,0
 0340 1808              .byte 24,8
 0342 08F8              .byte 8,248
 0344 0808              .byte 8,8
 0346 1800              .byte 24,0
 0348 0000              .byte 0,0
 034A 203F              .byte 32,63
 034C 2000              .byte 32,0
 034E 0000              .byte 0,0
 0350 08F8              .byte 8,248
 0352 0800              .byte 8,0
 0354 0008              .byte 0,8
 0356 F808              .byte 248,8
 0358 001F              .byte 0,31
 035A 2020              .byte 32,32
 035C 2020              .byte 32,32
 035E 1F00              .byte 31,0
 0360 0878              .byte 8,'x
 0362 8800              .byte 136,0
 0364 00C8              .byte 0,200
 0366 3808              .byte 56,8
 0368 0000              .byte 0,0
 036A 0738              .byte 7,56
 036C 0E01              .byte 14,1
 036E 0000              .byte 0,0
 0370 F808              .byte 248,8
 0372 00F8              .byte 0,248
 0374 0008              .byte 0,8
 0376 F800              .byte 248,0
 0378 033C              .byte 3,60
 037A 0700              .byte 7,0
 037C 073C              .byte 7,60
 037E 0300              .byte 3,0
 0380 0818              .byte 8,24
 0382 6880              .byte 'h,128
 0384 8068              .byte 128,'h
 0386 1808              .byte 24,8
 0388 2030              .byte 32,48
 038A 2C03              .byte 44,3
 038C 032C              .byte 3,44
 038E 3020              .byte 48,32
 0390 0838              .byte 8,56
 0392 C800              .byte 200,0
 0394 C838              .byte 200,56
 0396 0800              .byte 8,0
 0398 0000              .byte 0,0
 039A 203F              .byte 32,63
 039C 2000              .byte 32,0
 039E 0000              .byte 0,0
 03A0 1008              .byte 16,8
 03A2 0808              .byte 8,8
 03A4 C838              .byte 200,56
 03A6 0800              .byte 8,0
 03A8 2038              .byte 32,56
 03AA 2621              .byte 38,33
 03AC 2020              .byte 32,32
 03AE 1800              .byte 24,0
 03B0 0000              .byte 0,0
 03B2 00FE              .byte 0,254
 03B4 0202              .byte 2,2
 03B6 0200              .byte 2,0
 03B8 0000              .byte 0,0
 03BA 007F              .byte 0,127
 03BC 4040              .byte 64,64
 03BE 4000              .byte 64,0
 03C0 000C              .byte 0,12
 03C2 30C0              .byte 48,192
 03C4 0000              .byte 0,0
 03C6 0000              .byte 0,0
 03C8 0000              .byte 0,0
 03CA 0001              .byte 0,1
 03CC 0638              .byte 6,56
 03CE C000              .byte 192,0
 03D0 0002              .byte 0,2
 03D2 0202              .byte 2,2
 03D4 FE00              .byte 254,0
 03D6 0000              .byte 0,0
 03D8 0040              .byte 0,64
 03DA 4040              .byte 64,64
 03DC 7F00              .byte 127,0
 03DE 0000              .byte 0,0
 03E0 0000              .byte 0,0
 03E2 0402              .byte 4,2
 03E4 0202              .byte 2,2
 03E6 0400              .byte 4,0
 03E8 0000              .byte 0,0
 03EA 0000              .byte 0,0
 03EC 0000              .byte 0,0
 03EE 0000              .byte 0,0
 03F0 0000              .byte 0,0
 03F2 0000              .byte 0,0
 03F4 0000              .byte 0,0
 03F6 0000              .byte 0,0
 03F8 8080              .byte 128,128
 03FA 8080              .byte 128,128
 03FC 8080              .byte 128,128
 03FE 8080              .byte 128,128
 0400 1016              .byte 16,22
 0402 0E00              .byte 14,0
 0404 0000              .byte 0,0
 0406 0000              .byte 0,0
 0408 0000              .byte 0,0
 040A 0000              .byte 0,0
 040C 0000              .byte 0,0
 040E 0000              .byte 0,0
 0410 0000              .byte 0,0
 0412 8080              .byte 128,128
 0414 8080              .byte 128,128
 0416 0000              .byte 0,0
 0418 0019              .byte 0,25
 041A 2422              .byte 36,34
 041C 2222              .byte 34,34
 041E 3F20              .byte 63,32
 0420 08F8              .byte 8,248
 0422 0080              .byte 0,128
 0424 8000              .byte 128,0
 0426 0000              .byte 0,0
 0428 003F              .byte 0,63
 042A 1120              .byte 17,32
 042C 2011              .byte 32,17
 042E 0E00              .byte 14,0
 0430 0000              .byte 0,0
 0432 0080              .byte 0,128
 0434 8080              .byte 128,128
 0436 0000              .byte 0,0
 0438 000E              .byte 0,14
 043A 1120              .byte 17,32
 043C 2020              .byte 32,32
 043E 1100              .byte 17,0
 0440 0000              .byte 0,0
 0442 0080              .byte 0,128
 0444 8088              .byte 128,136
 0446 F800              .byte 248,0
 0448 000E              .byte 0,14
 044A 1120              .byte 17,32
 044C 2010              .byte 32,16
 044E 3F20              .byte 63,32
 0450 0000              .byte 0,0
 0452 8080              .byte 128,128
 0454 8080              .byte 128,128
 0456 0000              .byte 0,0
 0458 001F              .byte 0,31
 045A 2222              .byte 34,34
 045C 2222              .byte 34,34
 045E 1300              .byte 19,0
 0460 0080              .byte 0,128
 0462 80F0              .byte 128,240
 0464 8888              .byte 136,136
 0466 8818              .byte 136,24
 0468 0020              .byte 0,32
 046A 203F              .byte 32,63
 046C 2020              .byte 32,32
 046E 0000              .byte 0,0
 0470 0000              .byte 0,0
 0472 8080              .byte 128,128
 0474 8080              .byte 128,128
 0476 8000              .byte 128,0
 0478 006B              .byte 0,'k
 047A 9494              .byte 148,148
 047C 9493              .byte 148,147
 047E 6000              .byte 96,0
 0480 08F8              .byte 8,248
 0482 0080              .byte 0,128
 0484 8080              .byte 128,128
 0486 0000              .byte 0,0
 0488 203F              .byte 32,63
 048A 2100              .byte 33,0
 048C 0020              .byte 0,32
 048E 3F20              .byte 63,32
 0490 0080              .byte 0,128
 0492 9898              .byte 152,152
 0494 0000              .byte 0,0
 0496 0000              .byte 0,0
 0498 0020              .byte 0,32
 049A 203F              .byte 32,63
 049C 2020              .byte 32,32
 049E 0000              .byte 0,0
 04A0 0000              .byte 0,0
 04A2 0080              .byte 0,128
 04A4 9898              .byte 152,152
 04A6 0000              .byte 0,0
 04A8 00C0              .byte 0,192
 04AA 8080              .byte 128,128
 04AC 807F              .byte 128,127
 04AE 0000              .byte 0,0
 04B0 08F8              .byte 8,248
 04B2 0000              .byte 0,0
 04B4 8080              .byte 128,128
 04B6 8000              .byte 128,0
 04B8 203F              .byte 32,63
 04BA 2402              .byte 36,2
 04BC 2D30              .byte 45,48
 04BE 2000              .byte 32,0
 04C0 0008              .byte 0,8
 04C2 08F8              .byte 8,248
 04C4 0000              .byte 0,0
 04C6 0000              .byte 0,0
 04C8 0020              .byte 0,32
 04CA 203F              .byte 32,63
 04CC 2020              .byte 32,32
 04CE 0000              .byte 0,0
 04D0 8080              .byte 128,128
 04D2 8080              .byte 128,128
 04D4 8080              .byte 128,128
 04D6 8000              .byte 128,0
 04D8 203F              .byte 32,63
 04DA 2000              .byte 32,0
 04DC 3F20              .byte 63,32
 04DE 003F              .byte 0,63
 04E0 8080              .byte 128,128
 04E2 0080              .byte 0,128
 04E4 8080              .byte 128,128
 04E6 0000              .byte 0,0
 04E8 203F              .byte 32,63
 04EA 2100              .byte 33,0
 04EC 0020              .byte 0,32
 04EE 3F20              .byte 63,32
 04F0 0000              .byte 0,0
 04F2 8080              .byte 128,128
 04F4 8080              .byte 128,128
 04F6 0000              .byte 0,0
 04F8 001F              .byte 0,31
 04FA 2020              .byte 32,32
 04FC 2020              .byte 32,32
 04FE 1F00              .byte 31,0
 0500 8080              .byte 128,128
 0502 0080              .byte 0,128
 0504 8000              .byte 128,0
 0506 0000              .byte 0,0
 0508 80FF              .byte 128,255
 050A A120              .byte 161,32
 050C 2011              .byte 32,17
 050E 0E00              .byte 14,0
 0510 0000              .byte 0,0
 0512 0080              .byte 0,128
 0514 8080              .byte 128,128
 0516 8000              .byte 128,0
 0518 000E              .byte 0,14
 051A 1120              .byte 17,32
 051C 20A0              .byte 32,160
 051E FF80              .byte 255,128
 0520 8080              .byte 128,128
 0522 8000              .byte 128,0
 0524 8080              .byte 128,128
 0526 8000              .byte 128,0
 0528 2020              .byte 32,32
 052A 3F21              .byte 63,33
 052C 2000              .byte 32,0
 052E 0100              .byte 1,0
 0530 0000              .byte 0,0
 0532 8080              .byte 128,128
 0534 8080              .byte 128,128
 0536 8000              .byte 128,0
 0538 0033              .byte 0,51
 053A 2424              .byte 36,36
 053C 2424              .byte 36,36
 053E 1900              .byte 25,0
 0540 0080              .byte 0,128
 0542 80E0              .byte 128,224
 0544 8080              .byte 128,128
 0546 0000              .byte 0,0
 0548 0000              .byte 0,0
 054A 001F              .byte 0,31
 054C 2020              .byte 32,32
 054E 0000              .byte 0,0
 0550 8080              .byte 128,128
 0552 0000              .byte 0,0
 0554 0080              .byte 0,128
 0556 8000              .byte 128,0
 0558 001F              .byte 0,31
 055A 2020              .byte 32,32
 055C 2010              .byte 32,16
 055E 3F20              .byte 63,32
 0560 8080              .byte 128,128
 0562 8000              .byte 128,0
 0564 0080              .byte 0,128
 0566 8080              .byte 128,128
 0568 0001              .byte 0,1
 056A 0E30              .byte 14,48
 056C 0806              .byte 8,6
 056E 0100              .byte 1,0
 0570 8080              .byte 128,128
 0572 0080              .byte 0,128
 0574 0080              .byte 0,128
 0576 8080              .byte 128,128
 0578 0F30              .byte 15,48
 057A 0C03              .byte 12,3
 057C 0C30              .byte 12,48
 057E 0F00              .byte 15,0
 0580 0080              .byte 0,128
 0582 8000              .byte 128,0
 0584 8080              .byte 128,128
 0586 8000              .byte 128,0
 0588 0020              .byte 0,32
 058A 312E              .byte 49,46
 058C 0E31              .byte 14,49
 058E 2000              .byte 32,0
 0590 8080              .byte 128,128
 0592 8000              .byte 128,0
 0594 0080              .byte 0,128
 0596 8080              .byte 128,128
 0598 8081              .byte 128,129
 059A 8E70              .byte 142,'p
 059C 1806              .byte 24,6
 059E 0100              .byte 1,0
 05A0 0080              .byte 0,128
 05A2 8080              .byte 128,128
 05A4 8080              .byte 128,128
 05A6 8000              .byte 128,0
 05A8 0021              .byte 0,33
 05AA 302C              .byte 48,44
 05AC 2221              .byte 34,33
 05AE 3000              .byte 48,0
 05B0 0000              .byte 0,0
 05B2 0000              .byte 0,0
 05B4 807C              .byte 128,124
 05B6 0202              .byte 2,2
 05B8 0000              .byte 0,0
 05BA 0000              .byte 0,0
 05BC 003F              .byte 0,63
 05BE 4040              .byte 64,64
 05C0 0000              .byte 0,0
 05C2 0000              .byte 0,0
 05C4 FF00              .byte 255,0
 05C6 0000              .byte 0,0
 05C8 0000              .byte 0,0
 05CA 0000              .byte 0,0
 05CC FF00              .byte 255,0
 05CE 0000              .byte 0,0
 05D0 0002              .byte 0,2
 05D2 027C              .byte 2,124
 05D4 8000              .byte 128,0
 05D6 0000              .byte 0,0
 05D8 0040              .byte 0,64
 05DA 403F              .byte 64,63
 05DC 0000              .byte 0,0
 05DE 0000              .byte 0,0
 05E0 0006              .byte 0,6
 05E2 0101              .byte 1,1
 05E4 0202              .byte 2,2
 05E6 0404              .byte 4,4
 05E8 0000              .byte 0,0
 05EA 0000              .byte 0,0
 05EC 0000              .byte 0,0
 05EE 0000              .byte 0,0
 05F0                   .dbfile F:\产品\ODMPRO~1\E06-RFTB\E06-AVR\DEMO_AVR\nRF24L01P\Source\font.h
 05F0                   .dbsym e Font8x16 _Font8x16 A[1520:1520]kc
 05F0           _Our_Logo::
 05F0 0080              .byte 0,128
 05F2 60F8              .byte 96,248
 05F4 0700              .byte 7,0
 05F6 0404              .byte 4,4
 05F8 8444              .byte 132,'D
 05FA 2414              .byte 36,20
 05FC 0C04              .byte 12,4
 05FE 0000              .byte 0,0
 0600 0100              .byte 1,0
 0602 00FF              .byte 0,255
 0604 0000              .byte 0,0
 0606 3846              .byte 56,'F
 0608 4140              .byte 'A,64
 060A 4040              .byte 64,64
 060C 4040              .byte 64,64
 060E 7800              .byte 'x,0
 0610 2024              .byte 32,36
 0612 24A4              .byte 36,164
 0614 FE23              .byte 254,35
 0616 2220              .byte 34,32
 0618 00F8              .byte 0,248
 061A 0808              .byte 8,8
 061C 08F8              .byte 8,248
 061E 0000              .byte 0,0
 0620 1008              .byte 16,8
 0622 0601              .byte 6,1
 0624 FF01              .byte 255,1
 0626 0600              .byte 6,0
 0628 003F              .byte 0,63
 062A 1010              .byte 16,16
 062C 103F              .byte 16,63
 062E 0000              .byte 0,0
 0630 0000              .byte 0,0
 0632 F888              .byte 248,136
 0634 8888              .byte 136,136
 0636 88FF              .byte 136,255
 0638 8888              .byte 136,136
 063A 8888              .byte 136,136
 063C F800              .byte 248,0
 063E 0000              .byte 0,0
 0640 0000              .byte 0,0
 0642 1F08              .byte 31,8
 0644 0808              .byte 8,8
 0646 087F              .byte 8,127
 0648 8888              .byte 136,136
 064A 8888              .byte 136,136
 064C 9F80              .byte 159,128
 064E F000              .byte 240,0
 0650 8082              .byte 128,130
 0652 8282              .byte 130,130
 0654 8282              .byte 130,130
 0656 82E2              .byte 130,226
 0658 A292              .byte 162,146
 065A 8A86              .byte 138,134
 065C 8280              .byte 130,128
 065E 8000              .byte 128,0
 0660 0000              .byte 0,0
 0662 0000              .byte 0,0
 0664 0040              .byte 0,64
 0666 807F              .byte 128,127
 0668 0000              .byte 0,0
 066A 0000              .byte 0,0
 066C 0000              .byte 0,0
 066E 0000              .byte 0,0
 0670                   .dbsym e Our_Logo _Our_Logo A[128:128]kc
                        .area text(rom, con, rel)
 0000                   .dbfile F:\产品\ODMPRO~1\E06-RFTB\E06-AVR\DEMO_AVR\nRF24L01P\Source\font.h
 0000                   .dbfile F:\产品\ODMPRO~1\E06-RFTB\E06-AVR\DEMO_AVR\nRF24L01P\Source\OLED.c
 0000                   .dbfunc e LCD_Dis_16x16 _LCD_Dis_16x16 fV
 0000           ;              i -> R20
 0000           ;         p_data -> R22,R23
 0000           ;         column -> R12
 0000           ;           page -> R10
                        .even
 0000           _LCD_Dis_16x16::
 0000 00D0              rcall push_xgsetF03C
 0002 C22E              mov R12,R18
 0004 A02E              mov R10,R16
 0006 6885              ldd R22,y+8
 0008 7985              ldd R23,y+9
 000A                   .dbline -1
 000A                   .dbline 26
 000A           ; 
 000A           ; #include "OLED.h"
 000A           ; #include "font.h"
 000A           ; 
 000A           ; /*Write a command to OLED module*/
 000A           ; void LCD_WrCmd(INT8U cmd);
 000A           ; 
 000A           ; /*Write a byte to OLED module*/
 000A           ; void LCD_WrDat(INT8U dt);
 000A           ; 
 000A           ; /*Set the position of the OLED*/
 000A           ; void LCD_Set_Pos( INT8U page, INT8U column );
 000A           ; 
 000A           ; 
 000A           ; /*
 000A           ; =================================================================================
 000A           ; LCD_Dis_16x16( );
 000A           ; Function : Display 16x16
 000A           ; INTPUT   : page, the page of the LCD, 0-7
 000A           ;            column, the column of the LCD, 0-127
 000A           ;            p_data, the data array for display
 000A           ; OUTPUT   : None
 000A           ; =================================================================================
 000A           ; */
 000A           ; void LCD_Dis_16x16( INT8U page, INT8U column, const INT8U *p_data )
 000A           ; {
 000A                   .dbline 29
 000A           ;     INT8U i;
 000A           ; 
 000A           ;     LCD_Set_Pos( page, column );
 000A 2C2D              mov R18,R12
 000C 0A2D              mov R16,R10
 000E 64D0              rcall _LCD_Set_Pos
 0010                   .dbline 30
 0010           ;     for( i = 0; i < 16; i ++ )
 0010 4427              clr R20
 0012 07C0              rjmp L6
 0014           L3:
 0014                   .dbline 31
 0014           ;     {
 0014                   .dbline 32
 0014           ;         LCD_WrDat( *p_data ++ );
 0014 1B01              movw R2,R22
 0016 6F5F              subi R22,255  ; offset = 1
 0018 7F4F              sbci R23,255
 001A F101              movw R30,R2
 001C 0491              lpm R16,Z
 001E C4D0              rcall _LCD_WrDat
 0020                   .dbline 33
 0020           ;     }
 0020           L4:
 0020                   .dbline 30
 0020 4395              inc R20
 0022           L6:
 0022                   .dbline 30
 0022 4031              cpi R20,16
 0024 B8F3              brlo L3
 0026           X0:
 0026                   .dbline 34
 0026           ;     LCD_Set_Pos( page+1, column );
 0026 2C2D              mov R18,R12
 0028 0A2D              mov R16,R10
 002A 0F5F              subi R16,255    ; addi 1
 002C 55D0              rcall _LCD_Set_Pos
 002E                   .dbline 35
 002E           ;     for( i = 0; i < 16; i ++ )
 002E 4427              clr R20
 0030 07C0              rjmp L10
 0032           L7:
 0032                   .dbline 36
 0032           ;     {
 0032                   .dbline 37
 0032           ;         LCD_WrDat( *p_data ++ );
 0032 1B01              movw R2,R22
 0034 6F5F              subi R22,255  ; offset = 1
 0036 7F4F              sbci R23,255
 0038 F101              movw R30,R2
 003A 0491              lpm R16,Z
 003C B5D0              rcall _LCD_WrDat
 003E                   .dbline 38
 003E           ;     }
 003E           L8:
 003E                   .dbline 35
 003E 4395              inc R20
 0040           L10:
 0040                   .dbline 35
 0040 4031              cpi R20,16
 0042 B8F3              brlo L7
 0044           X1:
 0044                   .dbline -2
 0044           L2:
 0044                   .dbline 0 ; func end
 0044 00C0              rjmp pop_xgsetF03C
 0046                   .dbsym r i 20 c
 0046                   .dbsym r p_data 22 pkc
 0046                   .dbsym r column 12 c
 0046                   .dbsym r page 10 c
 0046                   .dbend
 0046                   .dbfunc e LCD_Dis_Logo _LCD_Dis_Logo fV
 0046           ;              i -> R10
                        .even
 0046           _LCD_Dis_Logo::
 0046 AA92              st -y,R10
 0048 2297              sbiw R28,2
 004A                   .dbline -1
 004A                   .dbline 50
 004A           ; 
 004A           ; }
 004A           ; /*
 004A           ; =================================================================================
 004A           ; LCD_Dis_Logo( );
 004A           ; Function : Display the manufacture LOGO
 004A           ; INTPUT   : None
 004A           ; OUTPUT   : None
 004A           ; =================================================================================
 004A           ; */
 004A           ; void LCD_Dis_Logo( void )
 004A           ; {
 004A                   .dbline 51
 004A           ;     INT8U i = 0;
 004A AA24              clr R10
 004C                   .dbline 52
 004C           ;     LCD_Dis_16x16( 0, i*16+32, &Our_Logo[32*i] );
 004C 00E2              ldi R16,32
 004E 1A2D              mov R17,R10
 0050 0103              mulsu R16,R17
 0052 1001              movw R2,R0
 0054 80E0              ldi R24,<_Our_Logo
 0056 90E0              ldi R25,>_Our_Logo
 0058 280E              add R2,R24
 005A 391E              adc R3,R25
 005C 3982              std y+1,R3
 005E 2882              std y+0,R2
 0060 00E1              ldi R16,16
 0062 0103              mulsu R16,R17
 0064 202D              mov R18,R0
 0066 205E              subi R18,224    ; addi 32
 0068 0027              clr R16
 006A CADF              rcall _LCD_Dis_16x16
 006C                   .dbline 53
 006C           ;     i++;
 006C A394              inc R10
 006E                   .dbline 54
 006E           ;     LCD_Dis_16x16( 0, i*16+32, &Our_Logo[32*i] );
 006E 00E2              ldi R16,32
 0070 1A2D              mov R17,R10
 0072 0103              mulsu R16,R17
 0074 1001              movw R2,R0
 0076 80E0              ldi R24,<_Our_Logo
 0078 90E0              ldi R25,>_Our_Logo
 007A 280E              add R2,R24
 007C 391E              adc R3,R25
 007E 3982              std y+1,R3
 0080 2882              std y+0,R2
 0082 00E1              ldi R16,16
 0084 0103              mulsu R16,R17
 0086 202D              mov R18,R0
 0088 205E              subi R18,224    ; addi 32
 008A 0027              clr R16
 008C B9DF              rcall _LCD_Dis_16x16
 008E                   .dbline 55
 008E           ;     i++;
 008E A394              inc R10
 0090                   .dbline 56
 0090           ;     LCD_Dis_16x16( 0, i*16+32, &Our_Logo[32*i] );
 0090 00E2              ldi R16,32
 0092 1A2D              mov R17,R10
 0094 0103              mulsu R16,R17
 0096 1001              movw R2,R0
 0098 80E0              ldi R24,<_Our_Logo
 009A 90E0              ldi R25,>_Our_Logo
 009C 280E              add R2,R24
 009E 391E              adc R3,R25
 00A0 3982              std y+1,R3
 00A2 2882              std y+0,R2
 00A4 00E1              ldi R16,16
 00A6 0103              mulsu R16,R17
 00A8 202D              mov R18,R0
 00AA 205E              subi R18,224    ; addi 32
 00AC 0027              clr R16
 00AE A8DF              rcall _LCD_Dis_16x16
 00B0                   .dbline 57
 00B0           ;     i++;
 00B0 A394              inc R10
 00B2                   .dbline 58
 00B2           ;     LCD_Dis_16x16( 0, i*16+32, &Our_Logo[32*i] );
 00B2 00E2              ldi R16,32
 00B4 1A2D              mov R17,R10
 00B6 0103              mulsu R16,R17
 00B8 1001              movw R2,R0
 00BA 80E0              ldi R24,<_Our_Logo
 00BC 90E0              ldi R25,>_Our_Logo
 00BE 280E              add R2,R24
 00C0 391E              adc R3,R25
 00C2 3982              std y+1,R3
 00C4 2882              std y+0,R2
 00C6 00E1              ldi R16,16
 00C8 0103              mulsu R16,R17
 00CA 202D              mov R18,R0
 00CC 205E              subi R18,224    ; addi 32
 00CE 0027              clr R16
 00D0 97DF              rcall _LCD_Dis_16x16
 00D2                   .dbline -2
 00D2           L11:
 00D2                   .dbline 0 ; func end
 00D2 2296              adiw R28,2
 00D4 A990              ld R10,y+
 00D6 0895              ret
 00D8                   .dbsym r i 10 c
 00D8                   .dbend
 00D8                   .dbfunc e LCD_Set_Pos _LCD_Set_Pos fV
 00D8           ;         column -> R20
 00D8           ;           page -> R22
                        .even
 00D8           _LCD_Set_Pos::
 00D8 4A93              st -y,R20
 00DA 6A93              st -y,R22
 00DC 422F              mov R20,R18
 00DE 602F              mov R22,R16
 00E0                   .dbline -1
 00E0                   .dbline 70
 00E0           ; }
 00E0           ; /*
 00E0           ; =================================================================================
 00E0           ; LCD_Set_Pos( );
 00E0           ; Function : Set the position of the OLED
 00E0           ; INTPUT   : page, 0-7
 00E0           ;            column, 0-128
 00E0           ; OUTPUT   : None
 00E0           ; =================================================================================
 00E0           ; */
 00E0           ; void LCD_Set_Pos( INT8U page, INT8U column )
 00E0           ; {
 00E0                   .dbline 71
 00E0           ;     LCD_WrCmd( 0xb0 + ( page & 0x07 ) );
 00E0 062F              mov R16,R22
 00E2 0770              andi R16,7
 00E4 0055              subi R16,80    ; addi 176
 00E6 54D0              rcall _LCD_WrCmd
 00E8                   .dbline 72
 00E8           ;     LCD_WrCmd( 0x10 + ( ( column>>4 ) & 0x0F ) );
 00E8 042F              mov R16,R20
 00EA 0295              swap R16
 00EC 0F70              andi R16,#0x0F
 00EE 0F70              andi R16,15
 00F0 005F              subi R16,240    ; addi 16
 00F2 4ED0              rcall _LCD_WrCmd
 00F4                   .dbline 73
 00F4           ;     LCD_WrCmd( column & 0x0F );
 00F4 042F              mov R16,R20
 00F6 0F70              andi R16,15
 00F8 4BD0              rcall _LCD_WrCmd
 00FA                   .dbline -2
 00FA           L12:
 00FA                   .dbline 0 ; func end
 00FA 6991              ld R22,y+
 00FC 4991              ld R20,y+
 00FE 0895              ret
 0100                   .dbsym r column 20 c
 0100                   .dbsym r page 22 c
 0100                   .dbend
 0100                   .dbfunc e LCD_Dis_Char _LCD_Dis_Char fV
 0100           ;            pos -> R22,R23
 0100           ;              j -> R20
 0100           ;             ch -> R20
 0100           ;         column -> R12
 0100           ;           page -> R10
                        .even
 0100           _LCD_Dis_Char::
 0100 00D0              rcall push_xgsetF03C
 0102 C22E              mov R12,R18
 0104 A02E              mov R10,R16
 0106 4885              ldd R20,y+8
 0108                   .dbline -1
 0108                   .dbline 86
 0108           ; }
 0108           ; /*
 0108           ; =================================================================================
 0108           ; LCD_Dis_Str( );
 0108           ; Function : Display a character
 0108           ; INTPUT   : page, 0-7
 0108           ;            column, 0-128
 0108           ;            ch, the character to be displayed
 0108           ; OUTPUT   : None
 0108           ; =================================================================================
 0108           ; */
 0108           ; void LCD_Dis_Char( INT8U page, INT8U column, char ch )
 0108           ; {
 0108                   .dbline 89
 0108           ;     INT16U pos;
 0108           ;     INT8U j;
 0108           ;     if( ch < ' ' )  { return; }
 0108 4032              cpi R20,32
 010A 08F4              brsh L14
 010C           X2:
 010C                   .dbline 89
 010C                   .dbline 89
 010C 2BC0              rjmp L13
 010E           L14:
 010E                   .dbline 91
 010E           ; 
 010E           ;     pos = 16*( ch - ' ' );
 010E 00E1              ldi R16,16
 0110 142F              mov R17,R20
 0112 0103              mulsu R16,R17
 0114 B001              movw R22,R0
 0116 6050              subi R22,0
 0118 7240              sbci R23,2
 011A                   .dbline 92
 011A           ;     LCD_Set_Pos( page, column );
 011A 2C2D              mov R18,R12
 011C 0A2D              mov R16,R10
 011E DCDF              rcall _LCD_Set_Pos
 0120                   .dbline 94
 0120           ; 
 0120           ;     for( j = 0; j < 8; j ++ )
 0120 4427              clr R20
 0122 0BC0              rjmp L19
 0124           L16:
 0124                   .dbline 95
 0124           ;     {
 0124                   .dbline 96
 0124           ;         LCD_WrDat( Font8x16[ pos++ ] );
 0124 1B01              movw R2,R22
 0126 6F5F              subi R22,255  ; offset = 1
 0128 7F4F              sbci R23,255
 012A 80E0              ldi R24,<_Font8x16
 012C 90E0              ldi R25,>_Font8x16
 012E F101              movw R30,R2
 0130 E80F              add R30,R24
 0132 F91F              adc R31,R25
 0134 0491              lpm R16,Z
 0136 38D0              rcall _LCD_WrDat
 0138                   .dbline 97
 0138           ;     }
 0138           L17:
 0138                   .dbline 94
 0138 4395              inc R20
 013A           L19:
 013A                   .dbline 94
 013A 4830              cpi R20,8
 013C 98F3              brlo L16
 013E           X3:
 013E                   .dbline 98
 013E           ;     LCD_Set_Pos( page+1, column );
 013E 2C2D              mov R18,R12
 0140 0A2D              mov R16,R10
 0142 0F5F              subi R16,255    ; addi 1
 0144 C9DF              rcall _LCD_Set_Pos
 0146                   .dbline 99
 0146           ;     for( j = 0; j < 8; j ++ )
 0146 4427              clr R20
 0148 0BC0              rjmp L23
 014A           L20:
 014A                   .dbline 100
 014A           ;     {
 014A                   .dbline 101
 014A           ;         LCD_WrDat( Font8x16[ pos++ ] );
 014A 1B01              movw R2,R22
 014C 6F5F              subi R22,255  ; offset = 1
 014E 7F4F              sbci R23,255
 0150 80E0              ldi R24,<_Font8x16
 0152 90E0              ldi R25,>_Font8x16
 0154 F101              movw R30,R2
 0156 E80F              add R30,R24
 0158 F91F              adc R31,R25
 015A 0491              lpm R16,Z
 015C 25D0              rcall _LCD_WrDat
 015E                   .dbline 102
 015E           ;     }
 015E           L21:
 015E                   .dbline 99
 015E 4395              inc R20
 0160           L23:
 0160                   .dbline 99
 0160 4830              cpi R20,8
 0162 98F3              brlo L20
 0164           X4:
 0164                   .dbline -2
 0164           L13:
 0164                   .dbline 0 ; func end
 0164 00C0              rjmp pop_xgsetF03C
 0166                   .dbsym r pos 22 i
 0166                   .dbsym r j 20 c
 0166                   .dbsym r ch 20 c
 0166                   .dbsym r column 12 c
 0166                   .dbsym r page 10 c
 0166                   .dbend
 0166                   .dbfunc e LCD_Dis_Str _LCD_Dis_Str fV
 0166           ;            str -> R10,R11
 0166           ;         column -> R20
 0166           ;           page -> R12
                        .even
 0166           _LCD_Dis_Str::
 0166 00D0              rcall push_xgset303C
 0168 422F              mov R20,R18
 016A C02E              mov R12,R16
 016C 2197              sbiw R28,1
 016E AF80              ldd R10,y+7
 0170 B884              ldd R11,y+8
 0172                   .dbline -1
 0172                   .dbline 115
 0172           ; }
 0172           ; /*
 0172           ; =================================================================================
 0172           ; LCD_Dis_Str( );
 0172           ; Function : Display a string
 0172           ; INTPUT   : page, 0-7
 0172           ;            column, 0-128
 0172           ;            str, the string to be displayed
 0172           ; OUTPUT   : None
 0172           ; =================================================================================
 0172           ; */
 0172           ; void LCD_Dis_Str( INT8U page, INT8U column, char *str )
 0172           ; {
 0172 08C0              rjmp L26
 0174           L25:
 0174                   .dbline 117
 0174           ;     while( *str )
 0174           ;     {
 0174                   .dbline 118
 0174           ;         LCD_Dis_Char( page, column, *str++ );
 0174 F501              movw R30,R10
 0176 2190              ld R2,Z+
 0178 5F01              movw R10,R30
 017A 2882              std y+0,R2
 017C 242F              mov R18,R20
 017E 0C2D              mov R16,R12
 0180 BFDF              rcall _LCD_Dis_Char
 0182                   .dbline 119
 0182           ;         column += 8;
 0182 485F              subi R20,248    ; addi 8
 0184                   .dbline 120
 0184           ;     }
 0184           L26:
 0184                   .dbline 116
 0184 F501              movw R30,R10
 0186 2080              ldd R2,z+0
 0188 2220              tst R2
 018A A1F7              brne L25
 018C           X5:
 018C                   .dbline -2
 018C           L24:
 018C                   .dbline 0 ; func end
 018C 2196              adiw R28,1
 018E 00C0              rjmp pop_xgset303C
 0190                   .dbsym r str 10 pc
 0190                   .dbsym r column 20 c
 0190                   .dbsym r page 12 c
 0190                   .dbend
 0190                   .dbfunc e LCD_WrCmd _LCD_WrCmd fV
 0190           ;              i -> <dead>
 0190           ;            cmd -> R10
                        .even
 0190           _LCD_WrCmd::
 0190 AA92              st -y,R10
 0192 A02E              mov R10,R16
 0194                   .dbline -1
 0194                   .dbline 131
 0194           ; }
 0194           ; /*
 0194           ; =================================================================================
 0194           ; LCD_WrCmd( );
 0194           ; Function : Write a command to OLED module
 0194           ; INTPUT   : cmd, the command byte
 0194           ; OUTPUT   : None
 0194           ; =================================================================================
 0194           ; */
 0194           ; void LCD_WrCmd(INT8U cmd)
 0194           ; {
 0194                   .dbline 133
 0194           ;     unsigned char i;
 0194           ;     OLED_CSN_L( );
 0194                   .dbline 133
 0194 C198              cbi 0x18,1
 0196                   .dbline 133
 0196 B99A              sbi 0x17,1
 0198                   .dbline 133
 0198                   .dbline 133
 0198                   .dbline 134
 0198           ;     OLED_CMD_L( );//LCD_DC=0;
 0198                   .dbline 134
 0198 9798              cbi 0x12,7
 019A                   .dbline 134
 019A 8F9A              sbi 0x11,7
 019C                   .dbline 134
 019C                   .dbline 134
 019C                   .dbline 135
 019C           ;     SPI_ExchangeByte( cmd );
 019C 0A2D              mov R16,R10
 019E 00D0              rcall _SPI_ExchangeByte
 01A0                   .dbline 136
 01A0           ;     OLED_CSN_H( );
 01A0                   .dbline 136
 01A0 C19A              sbi 0x18,1
 01A2                   .dbline 136
 01A2 B99A              sbi 0x17,1
 01A4                   .dbline 136
 01A4                   .dbline 136
 01A4                   .dbline -2
 01A4           L28:
 01A4                   .dbline 0 ; func end
 01A4 A990              ld R10,y+
 01A6 0895              ret
 01A8                   .dbsym l i 1 c
 01A8                   .dbsym r cmd 10 c
 01A8                   .dbend
 01A8                   .dbfunc e LCD_WrDat _LCD_WrDat fV
 01A8           ;              i -> <dead>
 01A8           ;             dt -> R10
                        .even
 01A8           _LCD_WrDat::
 01A8 AA92              st -y,R10
 01AA A02E              mov R10,R16
 01AC                   .dbline -1
 01AC                   .dbline 147
 01AC           ; }
 01AC           ; /*
 01AC           ; =================================================================================
 01AC           ; LCD_WrDat( );
 01AC           ; Function : Write a byte to OLED module
 01AC           ; INTPUT   : dt, the data byte
 01AC           ; OUTPUT   : None
 01AC           ; =================================================================================
 01AC           ; */
 01AC           ; void LCD_WrDat(INT8U dt)
 01AC           ; {
 01AC                   .dbline 149
 01AC           ;     unsigned char i;
 01AC           ;     OLED_CSN_L( );
 01AC                   .dbline 149
 01AC C198              cbi 0x18,1
 01AE                   .dbline 149
 01AE B99A              sbi 0x17,1
 01B0                   .dbline 149
 01B0                   .dbline 149
 01B0                   .dbline 150
 01B0           ;     OLED_CMD_H( );//LCD_DC=1;
 01B0                   .dbline 150
 01B0 979A              sbi 0x12,7
 01B2                   .dbline 150
 01B2 8F9A              sbi 0x11,7
 01B4                   .dbline 150
 01B4                   .dbline 150
 01B4                   .dbline 151
 01B4           ;     SPI_ExchangeByte( dt );
 01B4 0A2D              mov R16,R10
 01B6 00D0              rcall _SPI_ExchangeByte
 01B8                   .dbline 152
 01B8           ;     OLED_CSN_H( );
 01B8                   .dbline 152
 01B8 C19A              sbi 0x18,1
 01BA                   .dbline 152
 01BA B99A              sbi 0x17,1
 01BC                   .dbline 152
 01BC                   .dbline 152
 01BC                   .dbline -2
 01BC           L29:
 01BC                   .dbline 0 ; func end
 01BC A990              ld R10,y+
 01BE 0895              ret
 01C0                   .dbsym l i 1 c
 01C0                   .dbsym r dt 10 c
 01C0                   .dbend
 01C0                   .dbfunc e LCD_Fill _LCD_Fill fV
 01C0           ;              y -> R20
 01C0           ;              x -> R22
 01C0           ;        bmp_dat -> R10
                        .even
 01C0           _LCD_Fill::
 01C0 00D0              rcall push_xgsetF00C
 01C2 A02E              mov R10,R16
 01C4                   .dbline -1
 01C4                   .dbline 163
 01C4           ; }
 01C4           ; /*
 01C4           ; =================================================================================
 01C4           ; LCD_Fill( );
 01C4           ; Function : flush the whole screen
 01C4           ; INTPUT   : bmp_dat, the data value
 01C4           ; OUTPUT   : None
 01C4           ; =================================================================================
 01C4           ; */
 01C4           ; void LCD_Fill(INT8U bmp_dat)
 01C4           ; {
 01C4                   .dbline 165
 01C4           ;     INT8U y,x;
 01C4           ;     for(y=0;y<8;y++)
 01C4 4427              clr R20
 01C6 0FC0              rjmp L34
 01C8           L31:
 01C8                   .dbline 166
 01C8           ;     {
 01C8                   .dbline 167
 01C8           ;         LCD_WrCmd(0xb0+y);
 01C8 042F              mov R16,R20
 01CA 0055              subi R16,80    ; addi 176
 01CC E1DF              rcall _LCD_WrCmd
 01CE                   .dbline 168
 01CE           ;         LCD_WrCmd(0x01);
 01CE 01E0              ldi R16,1
 01D0 DFDF              rcall _LCD_WrCmd
 01D2                   .dbline 169
 01D2           ;         LCD_WrCmd(0x10);
 01D2 00E1              ldi R16,16
 01D4 DDDF              rcall _LCD_WrCmd
 01D6                   .dbline 170
 01D6           ;         for(x=0;x<128;x++)
 01D6 6627              clr R22
 01D8 03C0              rjmp L38
 01DA           L35:
 01DA                   .dbline 171
 01DA           ;         LCD_WrDat(bmp_dat);
 01DA 0A2D              mov R16,R10
 01DC E5DF              rcall _LCD_WrDat
 01DE           L36:
 01DE                   .dbline 170
 01DE 6395              inc R22
 01E0           L38:
 01E0                   .dbline 170
 01E0 6038              cpi R22,128
 01E2 D8F3              brlo L35
 01E4           X6:
 01E4                   .dbline 172
 01E4           ;     }
 01E4           L32:
 01E4                   .dbline 165
 01E4 4395              inc R20
 01E6           L34:
 01E6                   .dbline 165
 01E6 4830              cpi R20,8
 01E8 78F3              brlo L31
 01EA           X7:
 01EA                   .dbline -2
 01EA           L30:
 01EA                   .dbline 0 ; func end
 01EA 00C0              rjmp pop_xgsetF00C
 01EC                   .dbsym r y 20 c
 01EC                   .dbsym r x 22 c
 01EC                   .dbsym r bmp_dat 10 c
 01EC                   .dbend
 01EC                   .dbfunc e LCD_Init _LCD_Init fV
 01EC           ;              x -> R20,R21
                        .even
 01EC           _LCD_Init::
 01EC 4A93              st -y,R20
 01EE 5A93              st -y,R21
 01F0                   .dbline -1
 01F0                   .dbline 183
 01F0           ; }
 01F0           ; /*
 01F0           ; =================================================================================
 01F0           ; LCD_Init( );
 01F0           ; Function : Initialize the OLED module
 01F0           ; INTPUT   : none
 01F0           ; OUTPUT   : None
 01F0           ; =================================================================================
 01F0           ; */
 01F0           ; void LCD_Init(void)
 01F0           ; {
 01F0                   .dbline 185
 01F0           ;     INT16U x;
 01F0           ;     OLED_RST_L() ;//LCD_RST=0;
 01F0                   .dbline 185
 01F0 9698              cbi 0x12,6
 01F2                   .dbline 185
 01F2 8E9A              sbi 0x11,6
 01F4                   .dbline 185
 01F4                   .dbline 185
 01F4                   .dbline 186
 01F4           ;     for( x = 0; x < 1000; x ++ );
 01F4 4427              clr R20
 01F6 5527              clr R21
 01F8 02C0              rjmp L43
 01FA           L40:
 01FA                   .dbline 186
 01FA           L41:
 01FA                   .dbline 186
 01FA 4F5F              subi R20,255  ; offset = 1
 01FC 5F4F              sbci R21,255
 01FE           L43:
 01FE                   .dbline 186
 01FE 483E              cpi R20,232
 0200 E3E0              ldi R30,3
 0202 5E07              cpc R21,R30
 0204 D0F3              brlo L40
 0206           X8:
 0206                   .dbline 187
 0206           ;     OLED_RST_H( );//LCD_RST=1;       //从上电到下面开始初始化要有足够的时间，即等待RC复位完毕
 0206                   .dbline 187
 0206 969A              sbi 0x12,6
 0208                   .dbline 187
 0208 8E9A              sbi 0x11,6
 020A                   .dbline 187
 020A                   .dbline 187
 020A                   .dbline 188
 020A           ;     LCD_WrCmd(0xae);//--turn off oled panel
 020A 0EEA              ldi R16,174
 020C C1DF              rcall _LCD_WrCmd
 020E                   .dbline 189
 020E           ;     LCD_WrCmd(0x00);//---set low column address
 020E 0027              clr R16
 0210 BFDF              rcall _LCD_WrCmd
 0212                   .dbline 190
 0212           ;     LCD_WrCmd(0x10);//---set high column address
 0212 00E1              ldi R16,16
 0214 BDDF              rcall _LCD_WrCmd
 0216                   .dbline 191
 0216           ;     LCD_WrCmd(0x40);//--set start line address  Set Mapping RAM Display Start Line (0x00~0x3F)
 0216 00E4              ldi R16,64
 0218 BBDF              rcall _LCD_WrCmd
 021A                   .dbline 192
 021A           ;     LCD_WrCmd(0x81);//--set contrast control register
 021A 01E8              ldi R16,129
 021C B9DF              rcall _LCD_WrCmd
 021E                   .dbline 193
 021E           ;     LCD_WrCmd(0xcf); // Set SEG Output Current Brightness
 021E 0FEC              ldi R16,207
 0220 B7DF              rcall _LCD_WrCmd
 0222                   .dbline 194
 0222           ;     LCD_WrCmd(0xa1);//--Set SEG/Column Mapping     0xa0左右反置 0xa1正常
 0222 01EA              ldi R16,161
 0224 B5DF              rcall _LCD_WrCmd
 0226                   .dbline 195
 0226           ;     LCD_WrCmd(0xc8);//Set COM/Row Scan Direction   0xc0上下反置 0xc8正常
 0226 08EC              ldi R16,200
 0228 B3DF              rcall _LCD_WrCmd
 022A                   .dbline 196
 022A           ;     LCD_WrCmd(0xa6);//--set normal display
 022A 06EA              ldi R16,166
 022C B1DF              rcall _LCD_WrCmd
 022E                   .dbline 197
 022E           ;     LCD_WrCmd(0xa8);//--set multiplex ratio(1 to 64)
 022E 08EA              ldi R16,168
 0230 AFDF              rcall _LCD_WrCmd
 0232                   .dbline 198
 0232           ;     LCD_WrCmd(0x3f);//--1/64 duty
 0232 0FE3              ldi R16,63
 0234 ADDF              rcall _LCD_WrCmd
 0236                   .dbline 199
 0236           ;     LCD_WrCmd(0xd3);//-set display offset     Shift Mapping RAM Counter (0x00~0x3F)
 0236 03ED              ldi R16,211
 0238 ABDF              rcall _LCD_WrCmd
 023A                   .dbline 200
 023A           ;     LCD_WrCmd(0x00);//-not offset
 023A 0027              clr R16
 023C A9DF              rcall _LCD_WrCmd
 023E                   .dbline 201
 023E           ;     LCD_WrCmd(0xd5);//--set display clock divide ratio/oscillator frequency
 023E 05ED              ldi R16,213
 0240 A7DF              rcall _LCD_WrCmd
 0242                   .dbline 202
 0242           ;     LCD_WrCmd(0x80);//--set divide ratio, Set Clock as 100 Frames/Sec
 0242 00E8              ldi R16,128
 0244 A5DF              rcall _LCD_WrCmd
 0246                   .dbline 203
 0246           ;     LCD_WrCmd(0xd9);//--set pre-charge period
 0246 09ED              ldi R16,217
 0248 A3DF              rcall _LCD_WrCmd
 024A                   .dbline 204
 024A           ;     LCD_WrCmd(0xf1);//Set Pre-Charge as 15 Clocks & Discharge as 1 Clock
 024A 01EF              ldi R16,241
 024C A1DF              rcall _LCD_WrCmd
 024E                   .dbline 205
 024E           ;     LCD_WrCmd(0xda);//--set com pins hardware configuration
 024E 0AED              ldi R16,218
 0250 9FDF              rcall _LCD_WrCmd
 0252                   .dbline 206
 0252           ;     LCD_WrCmd(0x12);
 0252 02E1              ldi R16,18
 0254 9DDF              rcall _LCD_WrCmd
 0256                   .dbline 207
 0256           ;     LCD_WrCmd(0xdb);//--set vcomh
 0256 0BED              ldi R16,219
 0258 9BDF              rcall _LCD_WrCmd
 025A                   .dbline 208
 025A           ;     LCD_WrCmd(0x40);//Set VCOM Deselect Level
 025A 00E4              ldi R16,64
 025C 99DF              rcall _LCD_WrCmd
 025E                   .dbline 209
 025E           ;     LCD_WrCmd(0x20);//-Set Page Addressing Mode (0x00/0x01/0x02)
 025E 00E2              ldi R16,32
 0260 97DF              rcall _LCD_WrCmd
 0262                   .dbline 210
 0262           ;     LCD_WrCmd(0x02);//
 0262 02E0              ldi R16,2
 0264 95DF              rcall _LCD_WrCmd
 0266                   .dbline 211
 0266           ;     LCD_WrCmd(0x8d);//--set Charge Pump enable/disable
 0266 0DE8              ldi R16,141
 0268 93DF              rcall _LCD_WrCmd
 026A                   .dbline 212
 026A           ;     LCD_WrCmd(0x14);//--set(0x10) disable
 026A 04E1              ldi R16,20
 026C 91DF              rcall _LCD_WrCmd
 026E                   .dbline 213
 026E           ;     LCD_WrCmd(0xa4);// Disable Entire Display On (0xa4/0xa5)
 026E 04EA              ldi R16,164
 0270 8FDF              rcall _LCD_WrCmd
 0272                   .dbline 214
 0272           ;     LCD_WrCmd(0xa6);// Disable Inverse Display On (0xa6/a7)
 0272 06EA              ldi R16,166
 0274 8DDF              rcall _LCD_WrCmd
 0276                   .dbline 215
 0276           ;     LCD_WrCmd(0xaf);//--turn on oled panel
 0276 0FEA              ldi R16,175
 0278 8BDF              rcall _LCD_WrCmd
 027A                   .dbline 216
 027A           ;     LCD_Fill(0x00);  //初始清屏
 027A 0027              clr R16
 027C A1DF              rcall _LCD_Fill
 027E                   .dbline -2
 027E           L39:
 027E                   .dbline 0 ; func end
 027E 5991              ld R21,y+
 0280 4991              ld R20,y+
 0282 0895              ret
 0284                   .dbsym r x 20 i
 0284                   .dbend
 0284           ; }
 0284           ; /*
 0284           ; =================================================================================
 0284           ; ------------------------------------End of FILE----------------------------------
 0284           ; =================================================================================
 0284           ; */
